# JRE version: OpenJDK Runtime Environment Temurin-17.0.2+8 (17.0.2+8) (build 17.0.2+8)
# Java VM: OpenJDK 64-Bit Server VM Temurin-17.0.2+8 (17.0.2+8, mixed mode, tiered, compressed oops, compressed class ptrs, g1 gc, windows-amd64)
GC Precious Log:
 CPUs: 8 total, 8 available
 Memory: 3947M
 Large Page Support: Disabled
 NUMA Support: Disabled
 Compressed Oops: Enabled (32-bit)
 Heap Region Size: 1M
 Heap Min Capacity: 8M
 Heap Initial Capacity: 62M
 Heap Max Capacity: 988M
 Pre-touch: Disabled
 Parallel Workers: 8
 Concurrent Workers: 2
 Concurrent Refinement Workers: 8
 Periodic GC: Disabled
Heap:
 garbage-first heap   total 92160K, used 28202K [0x00000000c2400000, 0x0000000100000000)
  region size 1024K, 7 young (7168K), 4 survivors (4096K)
 Metaspace       used 66736K, committed 67008K, reserved 1114112K
  class space    used 8310K, committed 8448K, reserved 1048576K
GC Heap History (20 events):
Event: 3.838 GC heap before
{Heap before GC invocations=15 (full 0):
 garbage-first heap   total 55296K, used 17221K [0x00000000c2400000, 0x0000000100000000)
  region size 1024K, 3 young (3072K), 2 survivors (2048K)
 Metaspace       used 38301K, committed 38656K, reserved 1089536K
  class space    used 4361K, committed 4544K, reserved 1048576K
}
Event: 3.841 GC heap after
{Heap after GC invocations=16 (full 0):
 garbage-first heap   total 55296K, used 16250K [0x00000000c2400000, 0x0000000100000000)
  region size 1024K, 1 young (1024K), 1 survivors (1024K)
 Metaspace       used 38301K, committed 38656K, reserved 1089536K
  class space    used 4361K, committed 4544K, reserved 1048576K
}
Event: 4.083 GC heap before
{Heap before GC invocations=16 (full 0):
 garbage-first heap   total 55296K, used 41850K [0x00000000c2400000, 0x0000000100000000)
  region size 1024K, 27 young (27648K), 1 survivors (1024K)
 Metaspace       used 41273K, committed 41600K, reserved 1089536K
  class space    used 4709K, committed 4864K, reserved 1048576K
}
Event: 4.085 GC heap after
{Heap after GC invocations=17 (full 0):
 garbage-first heap   total 55296K, used 16935K [0x00000000c2400000, 0x0000000100000000)
  region size 1024K, 1 young (1024K), 1 survivors (1024K)
 Metaspace       used 41273K, committed 41600K, reserved 1089536K
  class space    used 4709K, committed 4864K, reserved 1048576K
}
Event: 4.346 GC heap before
{Heap before GC invocations=17 (full 0):
 garbage-first heap   total 55296K, used 44583K [0x00000000c2400000, 0x0000000100000000)
  region size 1024K, 28 young (28672K), 1 survivors (1024K)
 Metaspace       used 44067K, committed 44352K, reserved 1089536K
  class space    used 5037K, committed 5184K, reserved 1048576K
}
Event: 4.348 GC heap after
{Heap after GC invocations=18 (full 0):
 garbage-first heap   total 55296K, used 18258K [0x00000000c2400000, 0x0000000100000000)
  region size 1024K, 3 young (3072K), 3 survivors (3072K)
 Metaspace       used 44067K, committed 44352K, reserved 1089536K
  class space    used 5037K, committed 5184K, reserved 1048576K
}
Event: 4.583 GC heap before
{Heap before GC invocations=18 (full 0):
 garbage-first heap   total 55296K, used 43858K [0x00000000c2400000, 0x0000000100000000)
  region size 1024K, 28 young (28672K), 3 survivors (3072K)
 Metaspace       used 46476K, committed 46784K, reserved 1097728K
  class space    used 5469K, committed 5632K, reserved 1048576K
}
Event: 4.586 GC heap after
{Heap after GC invocations=19 (full 0):
 garbage-first heap   total 55296K, used 18682K [0x00000000c2400000, 0x0000000100000000)
  region size 1024K, 2 young (2048K), 2 survivors (2048K)
 Metaspace       used 46476K, committed 46784K, reserved 1097728K
  class space    used 5469K, committed 5632K, reserved 1048576K
}
Event: 4.780 GC heap before
{Heap before GC invocations=19 (full 0):
 garbage-first heap   total 55296K, used 44282K [0x00000000c2400000, 0x0000000100000000)
  region size 1024K, 27 young (27648K), 2 survivors (2048K)
 Metaspace       used 49047K, committed 49344K, reserved 1097728K
  class space    used 5884K, committed 6016K, reserved 1048576K
}
Event: 4.783 GC heap after
{Heap after GC invocations=20 (full 0):
 garbage-first heap   total 110592K, used 19052K [0x00000000c2400000, 0x0000000100000000)
  region size 1024K, 3 young (3072K), 3 survivors (3072K)
 Metaspace       used 49047K, committed 49344K, reserved 1097728K
  class space    used 5884K, committed 6016K, reserved 1048576K
}
Event: 5.432 GC heap before
{Heap before GC invocations=20 (full 0):
 garbage-first heap   total 110592K, used 81516K [0x00000000c2400000, 0x0000000100000000)
  region size 1024K, 64 young (65536K), 3 survivors (3072K)
 Metaspace       used 55193K, committed 55488K, reserved 1097728K
  class space    used 6830K, committed 6976K, reserved 1048576K
}
Event: 5.436 GC heap after
{Heap after GC invocations=21 (full 0):
 garbage-first heap   total 110592K, used 20553K [0x00000000c2400000, 0x0000000100000000)
  region size 1024K, 4 young (4096K), 4 survivors (4096K)
 Metaspace       used 55193K, committed 55488K, reserved 1097728K
  class space    used 6830K, committed 6976K, reserved 1048576K
}
Event: 6.249 GC heap before
{Heap before GC invocations=21 (full 0):
 garbage-first heap   total 110592K, used 80969K [0x00000000c2400000, 0x0000000100000000)
  region size 1024K, 64 young (65536K), 4 survivors (4096K)
 Metaspace       used 59858K, committed 60160K, reserved 1105920K
  class space    used 7462K, committed 7616K, reserved 1048576K
}
Event: 6.257 GC heap after
{Heap after GC invocations=22 (full 0):
 garbage-first heap   total 110592K, used 23173K [0x00000000c2400000, 0x0000000100000000)
  region size 1024K, 7 young (7168K), 7 survivors (7168K)
 Metaspace       used 59858K, committed 60160K, reserved 1105920K
  class space    used 7462K, committed 7616K, reserved 1048576K
}
Event: 77.607 GC heap before
{Heap before GC invocations=23 (full 0):
 garbage-first heap   total 92160K, used 71301K [0x00000000c2400000, 0x0000000100000000)
  region size 1024K, 54 young (55296K), 7 survivors (7168K)
 Metaspace       used 63436K, committed 63744K, reserved 1105920K
  class space    used 7947K, committed 8064K, reserved 1048576K
}
Event: 77.626 GC heap after
{Heap after GC invocations=24 (full 0):
 garbage-first heap   total 92160K, used 25188K [0x00000000c2400000, 0x0000000100000000)
  region size 1024K, 5 young (5120K), 5 survivors (5120K)
 Metaspace       used 63436K, committed 63744K, reserved 1105920K
  class space    used 7947K, committed 8064K, reserved 1048576K
}
Event: 1064.712 GC heap before
{Heap before GC invocations=24 (full 0):
 garbage-first heap   total 92160K, used 74340K [0x00000000c2400000, 0x0000000100000000)
  region size 1024K, 54 young (55296K), 5 survivors (5120K)
 Metaspace       used 66573K, committed 66880K, reserved 1114112K
  class space    used 8297K, committed 8448K, reserved 1048576K
}
Event: 1064.753 GC heap after
{Heap after GC invocations=25 (full 0):
 garbage-first heap   total 92160K, used 25809K [0x00000000c2400000, 0x0000000100000000)
  region size 1024K, 3 young (3072K), 3 survivors (3072K)
 Metaspace       used 66573K, committed 66880K, reserved 1114112K
  class space    used 8297K, committed 8448K, reserved 1048576K
}
Event: 2812.520 GC heap before
{Heap before GC invocations=25 (full 0):
 garbage-first heap   total 92160K, used 77009K [0x00000000c2400000, 0x0000000100000000)
  region size 1024K, 53 young (54272K), 3 survivors (3072K)
 Metaspace       used 66736K, committed 67008K, reserved 1114112K
  class space    used 8310K, committed 8448K, reserved 1048576K
}
Event: 2812.525 GC heap after
{Heap after GC invocations=26 (full 0):
 garbage-first heap   total 92160K, used 26154K [0x00000000c2400000, 0x0000000100000000)
  region size 1024K, 4 young (4096K), 4 survivors (4096K)
 Metaspace       used 66736K, committed 67008K, reserved 1114112K
  class space    used 8310K, committed 8448K, reserved 1048576K
}

